2025-03-12 11:28:26,255 - INFO - TransactionProcessor initialized with dataset of shape (4, 8)
2025-03-12 11:28:26,256 - INFO - Column TotalAmount added successfully.
2025-03-12 11:28:26,261 - INFO - Monthly statistics calculated.
2025-03-12 11:28:26,263 - INFO - TransactionProcessor initialized with dataset of shape (4, 8)
2025-03-12 11:28:26,263 - INFO - Column TotalAmount added successfully.
2025-03-12 11:28:26,264 - INFO - Description of the most profiting product in France: Produit A
2025-03-12 11:28:26,265 - INFO - Hour with he biggest nmber of transactions: 8 h
2025-03-12 11:28:26,268 - INFO - TransactionProcessor initialized with dataset of shape (4, 8)
2025-03-12 11:28:26,268 - INFO - Column TotalAmount added successfully.
2025-03-12 11:28:26,270 - INFO - TransactionProcessor initialized with dataset of shape (4, 8)
2025-03-12 11:28:26,270 - INFO - Column TotalAmount added successfully.
2025-03-12 11:28:26,270 - INFO - Transactions aggregated by country.
2025-03-12 11:34:08,094 - INFO - TransactionProcessor initialized with dataset of shape (4, 8)
2025-03-12 11:34:08,094 - INFO - Column TotalAmount added successfully.
2025-03-12 11:34:08,099 - INFO - Monthly statistics calculated.
2025-03-12 11:34:08,101 - INFO - TransactionProcessor initialized with dataset of shape (4, 8)
2025-03-12 11:34:08,101 - INFO - Column TotalAmount added successfully.
2025-03-12 11:34:08,102 - INFO - Description of the most profiting product in France: Produit A
2025-03-12 11:34:08,102 - INFO - Hour with he biggest nmber of transactions: 8 h
2025-03-12 11:34:08,104 - INFO - TransactionProcessor initialized with dataset of shape (4, 8)
2025-03-12 11:34:08,104 - INFO - Column TotalAmount added successfully.
2025-03-12 11:34:08,106 - INFO - TransactionProcessor initialized with dataset of shape (4, 8)
2025-03-12 11:34:08,106 - INFO - Column TotalAmount added successfully.
2025-03-12 11:34:08,107 - INFO - Transactions aggregated by country.
2025-03-12 11:45:43,276 - INFO - TransactionProcessor initialized with transaction data of shape (4, 8) and supplier data of shape (4, 2)
2025-03-12 11:45:43,277 - INFO - TotalAmount column added successfully.
2025-03-12 11:45:43,281 - INFO - Suppliers ranked based on total sales.
2025-03-12 11:45:43,282 - INFO - Suppliers ranked based on total sales for 2011 in the UK.
2025-03-12 11:45:43,284 - INFO - TransactionProcessor initialized with transaction data of shape (4, 8) and supplier data of shape (4, 2)
2025-03-12 11:45:43,284 - INFO - TotalAmount column added successfully.
2025-03-12 11:45:43,285 - INFO - TransactionProcessor initialized with transaction data of shape (4, 8) and supplier data of shape (4, 2)
2025-03-12 11:45:43,286 - INFO - TotalAmount column added successfully.
2025-03-12 11:45:43,286 - INFO - Transactions grouped by country successfully.
2025-03-12 11:46:18,240 - INFO - TransactionProcessor initialized with transaction data of shape (4, 8) and supplier data of shape (4, 2)
2025-03-12 11:46:18,240 - INFO - TotalAmount column added successfully.
2025-03-12 11:46:18,242 - INFO - Suppliers ranked based on total sales.
2025-03-12 11:46:18,243 - INFO - Suppliers ranked based on total sales for 2011 in the UK.
2025-03-12 11:46:18,247 - INFO - TransactionProcessor initialized with transaction data of shape (4, 8) and supplier data of shape (4, 2)
2025-03-12 11:46:18,247 - INFO - TotalAmount column added successfully.
2025-03-12 11:46:18,248 - INFO - TransactionProcessor initialized with transaction data of shape (4, 8) and supplier data of shape (4, 2)
2025-03-12 11:46:18,249 - INFO - TotalAmount column added successfully.
2025-03-12 11:46:18,249 - INFO - Transactions grouped by country successfully.
2025-03-12 11:46:29,979 - INFO - TransactionProcessor initialized with transaction data of shape (4, 8) and supplier data of shape (4, 2)
2025-03-12 11:46:29,980 - INFO - TotalAmount column added successfully.
2025-03-12 11:46:29,982 - INFO - Suppliers ranked based on total sales.
2025-03-12 11:46:29,984 - INFO - Suppliers ranked based on total sales for 2011 in the UK.
2025-03-12 11:46:29,988 - INFO - TransactionProcessor initialized with transaction data of shape (4, 8) and supplier data of shape (4, 2)
2025-03-12 11:46:29,989 - INFO - TotalAmount column added successfully.
2025-03-12 11:46:29,990 - INFO - TransactionProcessor initialized with transaction data of shape (4, 8) and supplier data of shape (4, 2)
2025-03-12 11:46:29,990 - INFO - TotalAmount column added successfully.
2025-03-12 11:46:29,991 - INFO - Transactions grouped by country successfully.
2025-03-12 11:46:53,303 - INFO - TransactionProcessor initialized with transaction data of shape (4, 8) and supplier data of shape (4, 2)
2025-03-12 11:46:53,304 - INFO - TotalAmount column added successfully.
2025-03-12 11:46:53,306 - INFO - Suppliers ranked based on total sales.
2025-03-12 11:46:53,307 - INFO - Suppliers ranked based on total sales for 2011 in the UK.
2025-03-12 11:46:53,309 - INFO - TransactionProcessor initialized with transaction data of shape (4, 8) and supplier data of shape (4, 2)
2025-03-12 11:46:53,309 - INFO - TotalAmount column added successfully.
2025-03-12 11:46:53,310 - INFO - Most profitable product in France: Product A
2025-03-12 11:46:53,311 - INFO - Busiest transaction hour: 8 h
2025-03-12 11:46:53,313 - INFO - TransactionProcessor initialized with transaction data of shape (4, 8) and supplier data of shape (4, 2)
2025-03-12 11:46:53,314 - INFO - TotalAmount column added successfully.
2025-03-12 11:46:53,315 - INFO - TransactionProcessor initialized with transaction data of shape (4, 8) and supplier data of shape (4, 2)
2025-03-12 11:46:53,315 - INFO - TotalAmount column added successfully.
2025-03-12 11:46:53,316 - INFO - Transactions grouped by country successfully.
2025-03-12 11:47:14,586 - INFO - TransactionProcessor initialized with transaction data of shape (4, 8) and supplier data of shape (4, 2)
2025-03-12 11:47:14,587 - INFO - TotalAmount column added successfully.
2025-03-12 11:47:14,590 - INFO - Suppliers ranked based on total sales.
2025-03-12 11:47:14,592 - INFO - Suppliers ranked based on total sales for 2011 in the UK.
2025-03-12 11:47:14,593 - INFO - TransactionProcessor initialized with transaction data of shape (4, 8) and supplier data of shape (4, 2)
2025-03-12 11:47:14,594 - INFO - TotalAmount column added successfully.
2025-03-12 11:47:14,595 - INFO - Most profitable product in France: Product A
2025-03-12 11:47:14,596 - INFO - Busiest transaction hour: 8 h
2025-03-12 11:47:14,597 - INFO - TransactionProcessor initialized with transaction data of shape (4, 8) and supplier data of shape (4, 2)
2025-03-12 11:47:14,598 - INFO - TotalAmount column added successfully.
2025-03-12 11:47:14,599 - INFO - TransactionProcessor initialized with transaction data of shape (4, 8) and supplier data of shape (4, 2)
2025-03-12 11:47:14,599 - INFO - TotalAmount column added successfully.
2025-03-12 11:47:14,600 - INFO - Transactions grouped by country successfully.
