2025-03-12 10:09:13,903 - INFO - DataCleaner initialized with dataset of shape (5, 8)
2025-03-12 10:09:13,906 - INFO - Filtered valid transactions: 1 canceled transactions removed. New shape: (4, 8)
2025-03-12 10:09:13,908 - INFO - DataCleaner initialized with dataset of shape (5, 8)
2025-03-12 10:09:13,909 - INFO - Removed duplicates: 1 rows removed. New shape: (4, 8)
2025-03-12 10:09:13,911 - INFO - Handled missing values: 1 rows removed due to missing CustomerID. New shape: (3, 8)
2025-03-12 10:09:13,911 - INFO - Filtered valid transactions: 0 canceled transactions removed. New shape: (3, 8)
2025-03-12 10:09:13,913 - INFO - DataCleaner initialized with dataset of shape (5, 8)
2025-03-12 10:09:13,916 - INFO - Handled missing values: 1 rows removed due to missing CustomerID. New shape: (4, 8)
2025-03-12 10:09:13,918 - INFO - DataCleaner initialized with dataset of shape (5, 8)
2025-03-12 10:09:13,919 - INFO - Removed duplicates: 1 rows removed. New shape: (4, 8)
2025-03-12 10:16:06,225 - INFO - DataCleaner initialized with dataset of shape (5, 8)
2025-03-12 10:16:06,228 - INFO - Filtered valid transactions: 1 canceled transactions removed. New shape: (4, 8)
2025-03-12 10:16:06,229 - INFO - DataCleaner initialized with dataset of shape (5, 8)
2025-03-12 10:16:06,230 - INFO - Removed duplicates: 1 rows removed. New shape: (4, 8)
2025-03-12 10:16:06,232 - INFO - Handled missing values: 1 rows removed due to missing CustomerID. New shape: (3, 8)
2025-03-12 10:16:06,233 - INFO - Filtered valid transactions: 0 canceled transactions removed. New shape: (3, 8)
2025-03-12 10:16:06,234 - INFO - DataCleaner initialized with dataset of shape (5, 8)
2025-03-12 10:16:06,237 - INFO - Handled missing values: 1 rows removed due to missing CustomerID. New shape: (4, 8)
2025-03-12 10:16:06,241 - INFO - DataCleaner initialized with dataset of shape (5, 8)
2025-03-12 10:16:06,242 - INFO - Removed duplicates: 1 rows removed. New shape: (4, 8)
2025-03-12 10:16:24,614 - INFO - DataCleaner initialized with dataset of shape (5, 8)
2025-03-12 10:16:24,616 - INFO - Filtered valid transactions: 1 canceled transactions removed. New shape: (4, 8)
2025-03-12 10:16:24,617 - INFO - DataCleaner initialized with dataset of shape (5, 8)
2025-03-12 10:16:24,618 - INFO - Removed duplicates: 1 rows removed. New shape: (4, 8)
2025-03-12 10:16:24,622 - INFO - Handled missing values: 1 rows removed due to missing CustomerID. New shape: (3, 8)
2025-03-12 10:16:24,623 - INFO - Filtered valid transactions: 0 canceled transactions removed. New shape: (3, 8)
2025-03-12 10:16:24,624 - INFO - DataCleaner initialized with dataset of shape (5, 8)
2025-03-12 10:16:24,625 - INFO - Handled missing values: 1 rows removed due to missing CustomerID. New shape: (4, 8)
2025-03-12 10:16:24,626 - INFO - DataCleaner initialized with dataset of shape (5, 8)
2025-03-12 10:16:24,626 - INFO - Removed duplicates: 1 rows removed. New shape: (4, 8)
2025-03-12 10:18:08,254 - INFO - DataCleaner initialized with dataset of shape (5, 8)
2025-03-12 10:18:08,256 - INFO - Filtered valid transactions: 1 canceled transactions removed. New shape: (4, 8)
2025-03-12 10:18:08,257 - INFO - DataCleaner initialized with dataset of shape (5, 8)
2025-03-12 10:18:08,258 - INFO - Removed duplicates: 1 rows removed. New shape: (4, 8)
2025-03-12 10:18:08,262 - INFO - Handled missing values: 1 rows removed due to missing CustomerID. New shape: (3, 8)
2025-03-12 10:18:08,262 - INFO - Filtered valid transactions: 0 canceled transactions removed. New shape: (3, 8)
2025-03-12 10:18:08,263 - INFO - DataCleaner initialized with dataset of shape (5, 8)
2025-03-12 10:18:08,266 - INFO - Handled missing values: 1 rows removed due to missing CustomerID. New shape: (4, 8)
2025-03-12 10:18:08,267 - INFO - DataCleaner initialized with dataset of shape (5, 8)
2025-03-12 10:18:08,268 - INFO - Removed duplicates: 1 rows removed. New shape: (4, 8)
2025-03-12 12:01:49,395 - ERROR - Error loading datasets: Missing optional dependency 'openpyxl'.  Use pip or conda to install openpyxl.
2025-03-12 12:02:55,260 - INFO - Datasets loaded successfully. Retail data shape: (541909, 8), Supplier data shape: (25900, 2)
2025-03-12 12:02:55,260 - INFO - Starting ETL pipeline...
2025-03-12 12:02:55,260 - INFO - DataCleaner initialized with dataset of shape (541909, 8)
2025-03-12 12:02:55,488 - INFO - Removed duplicates: 5268 rows removed. New shape: (536641, 8)
2025-03-12 12:02:55,537 - INFO - Handled missing values: 135037 rows removed due to missing CustomerID. New shape: (401604, 8)
2025-03-12 12:02:55,640 - INFO - Filtered valid transactions: 8872 canceled transactions removed. New shape: (392732, 8)
2025-03-12 12:02:55,648 - INFO - Data cleaning completed. Cleaned data shape: (392732, 8)
2025-03-12 12:02:55,648 - INFO - TransactionProcessor initialized with transaction data of shape (392732, 8) and supplier data of shape (25900, 2)
2025-03-12 12:02:55,651 - INFO - TotalAmount column added successfully.
2025-03-12 12:02:55,671 - INFO - Transactions grouped by country successfully.
2025-03-12 12:02:55,802 - INFO - Monthly statistics calculated successfully.
2025-03-12 12:02:55,820 - INFO - Most profitable product in France: POSTAGE
2025-03-12 12:02:55,845 - INFO - Busiest transaction hour: 12 h
2025-03-12 12:02:55,907 - ERROR - ETL pipeline execution failed: 'Supplier'
2025-03-12 12:05:37,319 - INFO - Datasets loaded successfully. Retail data shape: (541909, 8), Supplier data shape: (25900, 2)
2025-03-12 12:05:37,320 - INFO - Starting ETL pipeline...
2025-03-12 12:05:37,320 - INFO - DataCleaner initialized with dataset of shape (541909, 8)
2025-03-12 12:05:37,506 - INFO - Removed duplicates: 5268 rows removed. New shape: (536641, 8)
2025-03-12 12:05:37,544 - INFO - Handled missing values: 135037 rows removed due to missing CustomerID. New shape: (401604, 8)
2025-03-12 12:05:37,630 - INFO - Filtered valid transactions: 8872 canceled transactions removed. New shape: (392732, 8)
2025-03-12 12:05:37,637 - INFO - Data cleaning completed. Cleaned data shape: (392732, 8)
2025-03-12 12:05:37,637 - INFO - TransactionProcessor initialized with transaction data of shape (392732, 8) and supplier data of shape (25900, 2)
2025-03-12 12:05:37,640 - INFO - TotalAmount column added successfully.
2025-03-12 12:05:37,653 - INFO - Transactions grouped by country successfully.
2025-03-12 12:05:37,752 - INFO - Monthly statistics calculated successfully.
2025-03-12 12:05:37,763 - INFO - Most profitable product in France: POSTAGE
2025-03-12 12:05:37,784 - INFO - Busiest transaction hour: 12 h
2025-03-12 12:05:37,846 - INFO - Suppliers ranked based on total sales.
2025-03-12 12:05:37,902 - INFO - Suppliers ranked based on total sales for 2011 in the UK.
2025-03-12 12:05:37,902 - INFO - Transaction processing completed.
2025-03-12 12:05:37,905 - INFO - ETL pipeline execution completed successfully.
2025-03-12 12:05:37,911 - ERROR - Error saving to Parquet: Unable to find a usable engine; tried using: 'pyarrow', 'fastparquet'.
A suitable version of pyarrow or fastparquet is required for parquet support.
Trying to import the above resulted in these errors:
 - Missing optional dependency 'pyarrow'. pyarrow is required for parquet support. Use pip or conda to install pyarrow.
 - Missing optional dependency 'fastparquet'. fastparquet is required for parquet support. Use pip or conda to install fastparquet.
2025-03-12 12:08:13,369 - INFO - Datasets loaded successfully. Retail data shape: (541909, 8), Supplier data shape: (25900, 2)
2025-03-12 12:08:13,369 - INFO - Starting ETL pipeline...
2025-03-12 12:08:13,369 - INFO - DataCleaner initialized with dataset of shape (541909, 8)
2025-03-12 12:08:13,599 - INFO - Removed duplicates: 5268 rows removed. New shape: (536641, 8)
2025-03-12 12:08:13,644 - INFO - Handled missing values: 135037 rows removed due to missing CustomerID. New shape: (401604, 8)
2025-03-12 12:08:13,738 - INFO - Filtered valid transactions: 8872 canceled transactions removed. New shape: (392732, 8)
2025-03-12 12:08:13,745 - INFO - Data cleaning completed. Cleaned data shape: (392732, 8)
2025-03-12 12:08:13,746 - INFO - TransactionProcessor initialized with transaction data of shape (392732, 8) and supplier data of shape (25900, 2)
2025-03-12 12:08:13,748 - INFO - TotalAmount column added successfully.
2025-03-12 12:08:13,766 - INFO - Transactions grouped by country successfully.
2025-03-12 12:08:13,891 - INFO - Monthly statistics calculated successfully.
2025-03-12 12:08:13,907 - INFO - Most profitable product in France: POSTAGE
2025-03-12 12:08:13,936 - INFO - Busiest transaction hour: 12 h
2025-03-12 12:08:14,011 - INFO - Suppliers ranked based on total sales.
2025-03-12 12:08:14,080 - INFO - Suppliers ranked based on total sales for 2011 in the UK.
2025-03-12 12:08:14,081 - INFO - Transaction processing completed.
2025-03-12 12:08:14,084 - INFO - ETL pipeline execution completed successfully.
2025-03-12 12:08:16,979 - ERROR - Error saving to Parquet: ("Expected bytes, got a 'int' object", 'Conversion failed for column StockCode with type object')
2025-03-12 12:10:28,609 - INFO - Datasets loaded successfully. Retail data shape: (541909, 8), Supplier data shape: (25900, 2)
2025-03-12 12:10:28,609 - INFO - Starting ETL pipeline...
2025-03-12 12:10:28,609 - INFO - DataCleaner initialized with dataset of shape (541909, 8)
2025-03-12 12:10:28,821 - INFO - Removed duplicates: 5268 rows removed. New shape: (536641, 8)
2025-03-12 12:10:28,860 - INFO - Handled missing values: 135037 rows removed due to missing CustomerID. New shape: (401604, 8)
2025-03-12 12:10:28,946 - INFO - Filtered valid transactions: 8872 canceled transactions removed. New shape: (392732, 8)
2025-03-12 12:10:28,952 - INFO - Data cleaning completed. Cleaned data shape: (392732, 8)
2025-03-12 12:10:28,952 - INFO - TransactionProcessor initialized with transaction data of shape (392732, 8) and supplier data of shape (25900, 2)
2025-03-12 12:10:28,955 - INFO - TotalAmount column added successfully.
2025-03-12 12:10:28,971 - INFO - Transactions grouped by country successfully.
2025-03-12 12:10:29,072 - INFO - Monthly statistics calculated successfully.
2025-03-12 12:10:29,084 - INFO - Most profitable product in France: POSTAGE
2025-03-12 12:10:29,104 - INFO - Busiest transaction hour: 12 h
2025-03-12 12:10:29,162 - INFO - Suppliers ranked based on total sales.
2025-03-12 12:10:29,211 - INFO - Suppliers ranked based on total sales for 2011 in the UK.
2025-03-12 12:10:29,211 - INFO - Transaction processing completed.
2025-03-12 12:10:29,213 - INFO - ETL pipeline execution completed successfully.
2025-03-12 12:10:29,603 - ERROR - Error saving to Parquet: ("Expected bytes, got a 'int' object", 'Conversion failed for column StockCode with type object')
2025-03-12 12:11:53,779 - INFO - Datasets loaded successfully. Retail data shape: (541909, 8), Supplier data shape: (25900, 2)
2025-03-12 12:11:53,779 - INFO - Starting ETL pipeline...
2025-03-12 12:11:53,779 - INFO - DataCleaner initialized with dataset of shape (541909, 8)
2025-03-12 12:11:53,988 - INFO - Removed duplicates: 5268 rows removed. New shape: (536641, 8)
2025-03-12 12:11:54,033 - INFO - Handled missing values: 135037 rows removed due to missing CustomerID. New shape: (401604, 8)
2025-03-12 12:11:54,129 - INFO - Filtered valid transactions: 8872 canceled transactions removed. New shape: (392732, 8)
2025-03-12 12:11:54,137 - INFO - Data cleaning completed. Cleaned data shape: (392732, 8)
2025-03-12 12:11:54,137 - INFO - TransactionProcessor initialized with transaction data of shape (392732, 8) and supplier data of shape (25900, 2)
2025-03-12 12:11:54,140 - INFO - TotalAmount column added successfully.
2025-03-12 12:11:54,157 - INFO - Transactions grouped by country successfully.
2025-03-12 12:11:54,270 - INFO - Monthly statistics calculated successfully.
2025-03-12 12:11:54,284 - INFO - Most profitable product in France: POSTAGE
2025-03-12 12:11:54,308 - INFO - Busiest transaction hour: 12 h
2025-03-12 12:11:54,379 - INFO - Suppliers ranked based on total sales.
2025-03-12 12:11:54,437 - INFO - Suppliers ranked based on total sales for 2011 in the UK.
2025-03-12 12:11:54,437 - INFO - Transaction processing completed.
2025-03-12 12:11:54,440 - INFO - ETL pipeline execution completed successfully.
2025-03-12 12:11:58,444 - ERROR - Error saving to Parquet: Can't infer object conversion type: 0         85123A
1          71053
2         84406B
3         84029G
4         84029E
           ...  
541904     22613
541905     22899
541906     23254
541907     23255
541908     22138
Name: StockCode, Length: 392732, dtype: object
2025-03-12 12:21:44,147 - INFO - Datasets loaded successfully. Retail data shape: (541909, 8), Supplier data shape: (25900, 2)
2025-03-12 12:21:44,147 - INFO - Starting ETL pipeline...
2025-03-12 12:21:44,147 - INFO - DataCleaner initialized with dataset of shape (541909, 8)
2025-03-12 12:21:44,343 - INFO - Removed duplicates: 5268 rows removed. New shape: (536641, 8)
2025-03-12 12:21:44,382 - INFO - Handled missing values: 135037 rows removed due to missing CustomerID. New shape: (401604, 8)
2025-03-12 12:21:44,470 - INFO - Filtered valid transactions: 8872 canceled transactions removed. New shape: (392732, 8)
2025-03-12 12:21:44,478 - INFO - Data cleaning completed. Cleaned data shape: (392732, 8)
2025-03-12 12:21:44,478 - INFO - TransactionProcessor initialized with transaction data of shape (392732, 8) and supplier data of shape (25900, 2)
2025-03-12 12:21:44,482 - INFO - TotalAmount column added successfully.
2025-03-12 12:21:44,497 - INFO - Transactions grouped by country successfully.
2025-03-12 12:21:44,596 - INFO - Monthly statistics calculated successfully.
2025-03-12 12:21:44,608 - INFO - Most profitable product in France: POSTAGE
2025-03-12 12:21:44,628 - INFO - Busiest transaction hour: 12 h
2025-03-12 12:21:44,686 - INFO - Suppliers ranked based on total sales.
2025-03-12 12:21:44,738 - INFO - Suppliers ranked based on total sales for 2011 in the UK.
2025-03-12 12:21:44,738 - INFO - Transaction processing completed.
2025-03-12 12:21:44,740 - INFO - ETL pipeline execution completed successfully.
2025-03-12 12:21:45,045 - ERROR - Error saving to Parquet: Don't know how to convert data type: period[M]
2025-03-12 12:24:42,742 - INFO - Datasets loaded successfully. Retail data shape: (541909, 8), Supplier data shape: (25900, 2)
2025-03-12 12:24:42,742 - INFO - Starting ETL pipeline...
2025-03-12 12:24:42,742 - INFO - DataCleaner initialized with dataset of shape (541909, 8)
2025-03-12 12:24:42,949 - INFO - Removed duplicates: 5268 rows removed. New shape: (536641, 8)
2025-03-12 12:24:42,991 - INFO - Handled missing values: 135037 rows removed due to missing CustomerID. New shape: (401604, 8)
2025-03-12 12:24:43,072 - INFO - Filtered valid transactions: 8872 canceled transactions removed. New shape: (392732, 8)
2025-03-12 12:24:43,078 - INFO - Data cleaning completed. Cleaned data shape: (392732, 8)
2025-03-12 12:24:43,078 - INFO - TransactionProcessor initialized with transaction data of shape (392732, 8) and supplier data of shape (25900, 2)
2025-03-12 12:24:43,080 - INFO - TotalAmount column added successfully.
2025-03-12 12:24:43,095 - INFO - Transactions grouped by country successfully.
2025-03-12 12:24:43,194 - INFO - Monthly statistics calculated successfully.
2025-03-12 12:24:43,205 - INFO - Most profitable product in France: POSTAGE
2025-03-12 12:24:43,225 - INFO - Busiest transaction hour: 12 h
2025-03-12 12:24:43,286 - INFO - Suppliers ranked based on total sales.
2025-03-12 12:24:43,337 - INFO - Suppliers ranked based on total sales for 2011 in the UK.
2025-03-12 12:24:43,337 - INFO - Transaction processing completed.
2025-03-12 12:24:43,340 - INFO - ETL pipeline execution completed successfully.
2025-03-12 12:24:43,408 - ERROR - Error saving to Parquet: Can't infer object conversion type: 0         85123A
1          71053
2         84406B
3         84029G
4         84029E
           ...  
541904     22613
541905     22899
541906     23254
541907     23255
541908     22138
Name: StockCode, Length: 392732, dtype: object
2025-03-12 12:26:47,108 - INFO - Datasets loaded successfully. Retail data shape: (541909, 8), Supplier data shape: (25900, 2)
2025-03-12 12:26:47,109 - INFO - Starting ETL pipeline...
2025-03-12 12:26:47,109 - INFO - DataCleaner initialized with dataset of shape (541909, 8)
2025-03-12 12:26:47,282 - INFO - Removed duplicates: 5268 rows removed. New shape: (536641, 8)
2025-03-12 12:26:47,318 - INFO - Handled missing values: 135037 rows removed due to missing CustomerID. New shape: (401604, 8)
2025-03-12 12:26:47,402 - INFO - Filtered valid transactions: 8872 canceled transactions removed. New shape: (392732, 8)
2025-03-12 12:26:47,409 - INFO - Data cleaning completed. Cleaned data shape: (392732, 8)
2025-03-12 12:26:47,409 - INFO - TransactionProcessor initialized with transaction data of shape (392732, 8) and supplier data of shape (25900, 2)
2025-03-12 12:26:47,411 - INFO - TotalAmount column added successfully.
2025-03-12 12:26:47,425 - INFO - Transactions grouped by country successfully.
2025-03-12 12:26:47,526 - INFO - Monthly statistics calculated successfully.
2025-03-12 12:26:47,537 - INFO - Most profitable product in France: POSTAGE
2025-03-12 12:26:47,559 - INFO - Busiest transaction hour: 12 h
2025-03-12 12:26:47,618 - INFO - Suppliers ranked based on total sales.
2025-03-12 12:26:47,666 - INFO - Suppliers ranked based on total sales for 2011 in the UK.
2025-03-12 12:26:47,666 - INFO - Transaction processing completed.
2025-03-12 12:26:47,669 - INFO - ETL pipeline execution completed successfully.
2025-03-12 12:26:48,262 - ERROR - Error saving to Parquet: Maximum recursion level reached
2025-03-12 12:27:31,537 - INFO - Datasets loaded successfully. Retail data shape: (541909, 8), Supplier data shape: (25900, 2)
2025-03-12 12:27:31,537 - INFO - Starting ETL pipeline...
2025-03-12 12:27:31,537 - INFO - DataCleaner initialized with dataset of shape (541909, 8)
2025-03-12 12:27:31,756 - INFO - Removed duplicates: 5268 rows removed. New shape: (536641, 8)
2025-03-12 12:27:31,801 - INFO - Handled missing values: 135037 rows removed due to missing CustomerID. New shape: (401604, 8)
2025-03-12 12:27:31,901 - INFO - Filtered valid transactions: 8872 canceled transactions removed. New shape: (392732, 8)
2025-03-12 12:27:31,908 - INFO - Data cleaning completed. Cleaned data shape: (392732, 8)
2025-03-12 12:27:31,909 - INFO - TransactionProcessor initialized with transaction data of shape (392732, 8) and supplier data of shape (25900, 2)
2025-03-12 12:27:31,911 - INFO - TotalAmount column added successfully.
2025-03-12 12:27:31,928 - INFO - Transactions grouped by country successfully.
2025-03-12 12:27:32,039 - INFO - Monthly statistics calculated successfully.
2025-03-12 12:27:32,051 - INFO - Most profitable product in France: POSTAGE
2025-03-12 12:27:32,071 - INFO - Busiest transaction hour: 12 h
2025-03-12 12:27:32,128 - INFO - Suppliers ranked based on total sales.
2025-03-12 12:27:32,176 - INFO - Suppliers ranked based on total sales for 2011 in the UK.
2025-03-12 12:27:32,176 - INFO - Transaction processing completed.
2025-03-12 12:27:32,178 - INFO - ETL pipeline execution completed successfully.
2025-03-12 12:27:33,633 - ERROR - Error saving to Parquet: Can't infer object conversion type: 0         85123A
1          71053
2         84406B
3         84029G
4         84029E
           ...  
541904     22613
541905     22899
541906     23254
541907     23255
541908     22138
Name: StockCode, Length: 392732, dtype: object
2025-03-12 12:28:24,978 - INFO - Datasets loaded successfully. Retail data shape: (541909, 8), Supplier data shape: (25900, 2)
2025-03-12 12:28:24,978 - INFO - Starting ETL pipeline...
2025-03-12 12:28:24,978 - INFO - DataCleaner initialized with dataset of shape (541909, 8)
2025-03-12 12:28:25,206 - INFO - Removed duplicates: 5268 rows removed. New shape: (536641, 8)
2025-03-12 12:28:25,286 - INFO - Handled missing values: 135037 rows removed due to missing CustomerID. New shape: (401604, 8)
2025-03-12 12:28:25,437 - INFO - Filtered valid transactions: 8872 canceled transactions removed. New shape: (392732, 8)
2025-03-12 12:28:25,452 - INFO - Data cleaning completed. Cleaned data shape: (392732, 8)
2025-03-12 12:28:25,452 - INFO - TransactionProcessor initialized with transaction data of shape (392732, 8) and supplier data of shape (25900, 2)
2025-03-12 12:28:25,460 - INFO - TotalAmount column added successfully.
2025-03-12 12:28:25,481 - INFO - Transactions grouped by country successfully.
2025-03-12 12:28:25,684 - INFO - Monthly statistics calculated successfully.
2025-03-12 12:28:25,698 - INFO - Most profitable product in France: POSTAGE
2025-03-12 12:28:25,726 - INFO - Busiest transaction hour: 12 h
2025-03-12 12:28:25,813 - INFO - Suppliers ranked based on total sales.
2025-03-12 12:28:25,884 - INFO - Suppliers ranked based on total sales for 2011 in the UK.
2025-03-12 12:28:25,884 - INFO - Transaction processing completed.
2025-03-12 12:28:25,887 - INFO - ETL pipeline execution completed successfully.
2025-03-12 12:28:28,061 - ERROR - Error saving to Parquet: Can't infer object conversion type: 0         85123A
1          71053
2         84406B
3         84029G
4         84029E
           ...  
541904     22613
541905     22899
541906     23254
541907     23255
541908     22138
Name: StockCode, Length: 392732, dtype: object
2025-03-12 12:30:28,148 - INFO - Datasets loaded successfully. Retail data shape: (541909, 8), Supplier data shape: (25900, 2)
2025-03-12 12:30:28,148 - INFO - Starting ETL pipeline...
2025-03-12 12:30:28,148 - INFO - DataCleaner initialized with dataset of shape (541909, 8)
2025-03-12 12:30:28,333 - INFO - Removed duplicates: 5268 rows removed. New shape: (536641, 8)
2025-03-12 12:30:28,376 - INFO - Handled missing values: 135037 rows removed due to missing CustomerID. New shape: (401604, 8)
2025-03-12 12:30:28,466 - INFO - Filtered valid transactions: 8872 canceled transactions removed. New shape: (392732, 8)
2025-03-12 12:30:28,475 - INFO - Data cleaning completed. Cleaned data shape: (392732, 8)
2025-03-12 12:30:28,475 - INFO - TransactionProcessor initialized with transaction data of shape (392732, 8) and supplier data of shape (25900, 2)
2025-03-12 12:30:28,478 - INFO - TotalAmount column added successfully.
2025-03-12 12:30:28,505 - INFO - Transactions grouped by country successfully.
2025-03-12 12:30:28,684 - INFO - Monthly statistics calculated successfully.
2025-03-12 12:30:28,708 - INFO - Most profitable product in France: POSTAGE
2025-03-12 12:30:28,746 - INFO - Busiest transaction hour: 12 h
2025-03-12 12:30:28,848 - INFO - Suppliers ranked based on total sales.
2025-03-12 12:30:28,937 - INFO - Suppliers ranked based on total sales for 2011 in the UK.
2025-03-12 12:30:28,937 - INFO - Transaction processing completed.
2025-03-12 12:30:28,940 - INFO - ETL pipeline execution completed successfully.
2025-03-12 12:30:29,281 - ERROR - Error saving to Parquet: Don't know how to convert data type: period[M]
2025-03-12 12:32:02,193 - INFO - Datasets loaded successfully. Retail data shape: (541909, 8), Supplier data shape: (25900, 2)
2025-03-12 12:32:02,193 - INFO - Starting ETL pipeline...
2025-03-12 12:32:02,193 - INFO - DataCleaner initialized with dataset of shape (541909, 8)
2025-03-12 12:32:02,369 - INFO - Removed duplicates: 5268 rows removed. New shape: (536641, 8)
2025-03-12 12:32:02,405 - INFO - Handled missing values: 135037 rows removed due to missing CustomerID. New shape: (401604, 8)
2025-03-12 12:32:02,488 - INFO - Filtered valid transactions: 8872 canceled transactions removed. New shape: (392732, 8)
2025-03-12 12:32:02,494 - INFO - Data cleaning completed. Cleaned data shape: (392732, 8)
2025-03-12 12:32:02,494 - INFO - TransactionProcessor initialized with transaction data of shape (392732, 8) and supplier data of shape (25900, 2)
2025-03-12 12:32:02,497 - INFO - TotalAmount column added successfully.
2025-03-12 12:32:02,512 - INFO - Transactions grouped by country successfully.
2025-03-12 12:32:02,610 - INFO - Monthly statistics calculated successfully.
2025-03-12 12:32:02,621 - INFO - Most profitable product in France: POSTAGE
2025-03-12 12:32:02,642 - INFO - Busiest transaction hour: 12 h
2025-03-12 12:32:02,703 - INFO - Suppliers ranked based on total sales.
2025-03-12 12:32:02,757 - INFO - Suppliers ranked based on total sales for 2011 in the UK.
2025-03-12 12:32:02,758 - INFO - Transaction processing completed.
2025-03-12 12:32:02,761 - INFO - ETL pipeline execution completed successfully.
2025-03-12 12:32:03,498 - INFO - Final processed data saved to Parquet: processed_data.parquet
2025-03-13 09:24:07,887 - INFO - DataCleaner initialized with dataset of shape (5, 8)
2025-03-13 09:24:07,896 - INFO - Filtered valid transactions: 1 canceled transactions removed. New shape: (4, 8)
2025-03-13 09:24:07,898 - INFO - DataCleaner initialized with dataset of shape (5, 8)
2025-03-13 09:24:07,902 - INFO - Removed duplicates: 1 rows removed. New shape: (4, 8)
2025-03-13 09:24:07,905 - INFO - Handled missing values: 1 rows removed due to missing CustomerID. New shape: (3, 8)
2025-03-13 09:24:07,906 - INFO - Filtered valid transactions: 0 canceled transactions removed. New shape: (3, 8)
2025-03-13 09:24:07,907 - INFO - DataCleaner initialized with dataset of shape (5, 8)
2025-03-13 09:24:07,908 - INFO - Handled missing values: 1 rows removed due to missing CustomerID. New shape: (4, 8)
2025-03-13 09:24:07,909 - INFO - DataCleaner initialized with dataset of shape (5, 8)
2025-03-13 09:24:07,909 - INFO - Removed duplicates: 1 rows removed. New shape: (4, 8)
2025-03-13 10:00:17,777 - INFO - Datasets loaded successfully. Retail data shape: (541909, 8), Supplier data shape: (25900, 2)
2025-03-13 10:00:17,777 - INFO - Starting ETL pipeline...
2025-03-13 10:00:17,777 - INFO - DataCleaner initialized with dataset of shape (541909, 8)
2025-03-13 10:00:18,023 - INFO - Removed duplicates: 5268 rows removed. New shape: (536641, 8)
2025-03-13 10:00:18,076 - INFO - Handled missing values: 135037 rows removed due to missing CustomerID. New shape: (401604, 8)
2025-03-13 10:00:18,181 - INFO - Filtered valid transactions: 8872 canceled transactions removed. New shape: (392732, 8)
2025-03-13 10:00:18,189 - INFO - Data cleaning completed. Cleaned data shape: (392732, 8)
2025-03-13 10:00:18,189 - INFO - TransactionProcessor initialized with transaction data of shape (392732, 8) and supplier data of shape (25900, 2)
2025-03-13 10:00:18,194 - INFO - TotalAmount column added successfully.
2025-03-13 10:00:18,214 - INFO - Transactions grouped by country successfully.
2025-03-13 10:00:18,355 - INFO - Monthly statistics calculated successfully.
2025-03-13 10:00:18,373 - INFO - Most profitable product in France: POSTAGE
2025-03-13 10:00:18,401 - INFO - Busiest transaction hour: 12 h
2025-03-13 10:00:18,486 - INFO - Suppliers ranked based on total sales.
2025-03-13 10:00:18,563 - INFO - Suppliers ranked based on total sales for 2011 in the UK.
2025-03-13 10:00:18,563 - INFO - Transaction processing completed.
2025-03-13 10:00:18,566 - INFO - ETL pipeline execution completed successfully.
2025-03-13 10:00:19,709 - INFO - Final processed data saved to Parquet: processed_data.parquet
2025-03-13 10:32:03,640 - INFO - Datasets loaded successfully. Retail data shape: (541909, 8), Supplier data shape: (25900, 2)
2025-03-13 10:32:03,641 - INFO - Starting ETL pipeline...
2025-03-13 10:32:03,641 - INFO - DataCleaner initialized with dataset of shape (541909, 8)
2025-03-13 10:32:03,931 - INFO - Removed duplicates: 5268 rows removed. New shape: (536641, 8)
2025-03-13 10:32:03,984 - INFO - Handled missing values: 135037 rows removed due to missing CustomerID. New shape: (401604, 8)
2025-03-13 10:32:04,102 - INFO - Filtered valid transactions: 8872 canceled transactions removed. New shape: (392732, 8)
2025-03-13 10:32:04,110 - INFO - Data cleaning completed. Cleaned data shape: (392732, 8)
2025-03-13 10:32:04,111 - INFO - TransactionProcessor initialized with transaction data of shape (392732, 8) and supplier data of shape (25900, 2)
2025-03-13 10:32:04,116 - INFO - TotalAmount column added successfully.
2025-03-13 10:32:04,144 - INFO - Transactions grouped by country successfully.
2025-03-13 10:32:04,288 - INFO - Monthly statistics calculated successfully.
2025-03-13 10:32:04,306 - INFO - Most profitable product in France: POSTAGE
2025-03-13 10:32:04,340 - INFO - Busiest transaction hour: 12 h
2025-03-13 10:32:04,450 - INFO - Suppliers ranked based on total sales.
2025-03-13 10:32:04,540 - INFO - Suppliers ranked based on total sales for 2011 in the UK.
2025-03-13 10:32:04,540 - INFO - Transaction processing completed.
2025-03-13 10:32:04,544 - INFO - ETL pipeline execution completed successfully.
2025-03-13 10:32:05,865 - INFO - Final processed data saved to Parquet: processed_data.parquet
2025-03-13 11:16:55,187 - ERROR - Error loading datasets: [Errno 2] No such file or directory: 'dataa/Online Retail.xlsx'
2025-03-13 11:17:13,479 - ERROR - Error loading datasets: Missing optional dependency 'openpyxl'.  Use pip or conda to install openpyxl.
2025-03-13 11:18:14,480 - INFO - Datasets loaded successfully. Retail data shape: (541909, 8), Supplier data shape: (25900, 2)
2025-03-13 11:18:14,480 - INFO - Starting ETL pipeline...
2025-03-13 11:18:14,480 - INFO - DataCleaner initialized with dataset of shape (541909, 8)
2025-03-13 11:18:14,833 - INFO - Removed duplicates: 5268 rows removed. New shape: (536641, 8)
2025-03-13 11:18:14,882 - INFO - Handled missing values: 135037 rows removed due to missing CustomerID. New shape: (401604, 8)
2025-03-13 11:18:15,033 - INFO - Filtered valid transactions: 8872 canceled transactions removed. New shape: (392732, 8)
2025-03-13 11:18:15,040 - INFO - Data cleaning completed. Cleaned data shape: (392732, 8)
2025-03-13 11:18:15,040 - INFO - TransactionProcessor initialized with transaction data of shape (392732, 8) and supplier data of shape (25900, 2)
2025-03-13 11:18:15,044 - INFO - TotalAmount column added successfully.
2025-03-13 11:18:15,067 - INFO - Transactions grouped by country successfully.
2025-03-13 11:18:15,154 - INFO - Monthly statistics calculated successfully.
2025-03-13 11:18:15,169 - INFO - Most profitable product in France: POSTAGE
2025-03-13 11:18:15,213 - INFO - Busiest transaction hour: 12 h
2025-03-13 11:18:15,312 - INFO - Suppliers ranked based on total sales.
2025-03-13 11:18:15,403 - INFO - Suppliers ranked based on total sales for 2011 in the UK.
2025-03-13 11:18:15,403 - INFO - Transaction processing completed.
2025-03-13 11:18:15,405 - INFO - ETL pipeline execution completed successfully.
2025-03-13 11:18:15,930 - ERROR - Error saving to Parquet: Missing optional dependency 'fastparquet'. fastparquet is required for parquet support. Use pip or conda to install fastparquet.
2025-03-13 11:28:42,497 - INFO - Datasets loaded successfully. Retail data shape: (541909, 8), Supplier data shape: (25900, 2)
2025-03-13 11:28:42,497 - INFO - Starting ETL pipeline...
2025-03-13 11:28:42,497 - INFO - DataCleaner initialized with dataset of shape (541909, 8)
2025-03-13 11:28:42,827 - INFO - Removed duplicates: 5268 rows removed. New shape: (536641, 8)
2025-03-13 11:28:42,875 - INFO - Handled missing values: 135037 rows removed due to missing CustomerID. New shape: (401604, 8)
2025-03-13 11:28:43,031 - INFO - Filtered valid transactions: 8872 canceled transactions removed. New shape: (392732, 8)
2025-03-13 11:28:43,039 - INFO - Data cleaning completed. Cleaned data shape: (392732, 8)
2025-03-13 11:28:43,039 - INFO - TransactionProcessor initialized with transaction data of shape (392732, 8) and supplier data of shape (25900, 2)
2025-03-13 11:28:43,043 - INFO - TotalAmount column added successfully.
2025-03-13 11:28:43,064 - INFO - Transactions grouped by country successfully.
2025-03-13 11:28:43,139 - INFO - Monthly statistics calculated successfully.
2025-03-13 11:28:43,155 - INFO - Most profitable product in France: POSTAGE
2025-03-13 11:28:43,195 - INFO - Busiest transaction hour: 12 h
2025-03-13 11:28:43,332 - ERROR - ETL pipeline execution failed: invalid literal for int() with base 10: 'C536379'
2025-03-13 11:39:10,782 - INFO - Datasets loaded successfully. Retail data shape: (541909, 8), Supplier data shape: (25900, 2)
2025-03-13 11:39:10,782 - INFO - Starting ETL pipeline...
2025-03-13 11:39:10,782 - INFO - DataCleaner initialized with dataset of shape (541909, 8)
2025-03-13 11:39:11,153 - INFO - Removed duplicates: 5268 rows removed. New shape: (536641, 8)
2025-03-13 11:39:11,204 - INFO - Handled missing values: 135037 rows removed due to missing CustomerID. New shape: (401604, 8)
2025-03-13 11:39:11,364 - INFO - Filtered valid transactions: 8872 canceled transactions removed. New shape: (392732, 8)
2025-03-13 11:39:11,371 - INFO - Data cleaning completed. Cleaned data shape: (392732, 8)
2025-03-13 11:39:11,372 - INFO - TransactionProcessor initialized with transaction data of shape (392732, 8) and supplier data of shape (25900, 2)
2025-03-13 11:39:11,375 - INFO - TotalAmount column added successfully.
2025-03-13 11:39:11,396 - INFO - Transactions grouped by country successfully.
2025-03-13 11:39:11,472 - INFO - Monthly statistics calculated successfully.
2025-03-13 11:39:11,487 - INFO - Most profitable product in France: POSTAGE
2025-03-13 11:39:11,528 - INFO - Busiest transaction hour: 12 h
2025-03-13 11:39:11,794 - ERROR - ETL pipeline execution failed: invalid literal for int() with base 10: 'C536379'
2025-03-13 11:41:08,000 - INFO - Datasets loaded successfully. Retail data shape: (541909, 8), Supplier data shape: (25900, 2)
2025-03-13 11:41:08,000 - INFO - Starting ETL pipeline...
2025-03-13 11:41:08,001 - INFO - DataCleaner initialized with dataset of shape (541909, 8)
2025-03-13 11:41:08,429 - INFO - Removed duplicates: 5268 rows removed. New shape: (536641, 8)
2025-03-13 11:41:08,492 - INFO - Handled missing values: 135037 rows removed due to missing CustomerID. New shape: (401604, 8)
2025-03-13 11:41:08,675 - INFO - Filtered valid transactions: 8872 canceled transactions removed. New shape: (392732, 8)
2025-03-13 11:41:08,684 - INFO - Data cleaning completed. Cleaned data shape: (392732, 8)
2025-03-13 11:41:08,684 - INFO - TransactionProcessor initialized with transaction data of shape (392732, 8) and supplier data of shape (25900, 2)
2025-03-13 11:41:08,687 - INFO - TotalAmount column added successfully.
2025-03-13 11:41:08,711 - INFO - Transactions grouped by country successfully.
2025-03-13 11:41:08,798 - INFO - Monthly statistics calculated successfully.
2025-03-13 11:41:08,816 - INFO - Most profitable product in France: POSTAGE
2025-03-13 11:41:08,863 - INFO - Busiest transaction hour: 12 h
2025-03-13 11:41:09,396 - ERROR - ETL pipeline execution failed: invalid literal for int() with base 10: 'A563185'
2025-03-13 11:53:45,393 - INFO - Datasets loaded successfully. Retail data shape: (541909, 8), Supplier data shape: (25900, 2)
2025-03-13 11:53:45,393 - INFO - Starting ETL pipeline...
2025-03-13 11:53:45,393 - INFO - DataCleaner initialized with dataset of shape (541909, 8)
2025-03-13 11:53:45,751 - INFO - Removed duplicates: 5268 rows removed. New shape: (536641, 8)
2025-03-13 11:53:45,798 - INFO - Handled missing values: 135037 rows removed due to missing CustomerID. New shape: (401604, 8)
2025-03-13 11:53:45,954 - INFO - Filtered valid transactions: 8872 canceled transactions removed. New shape: (392732, 8)
2025-03-13 11:53:45,962 - INFO - Data cleaning completed. Cleaned data shape: (392732, 8)
2025-03-13 11:53:45,962 - INFO - TransactionProcessor initialized with transaction data of shape (392732, 8) and supplier data of shape (25900, 2)
2025-03-13 11:53:45,965 - INFO - TotalAmount column added successfully.
2025-03-13 11:53:45,986 - INFO - Transactions grouped by country successfully.
2025-03-13 11:53:46,062 - INFO - Monthly statistics calculated successfully.
2025-03-13 11:53:46,077 - INFO - Most profitable product in France: POSTAGE
2025-03-13 11:53:46,118 - INFO - Busiest transaction hour: 12 h
2025-03-13 11:53:46,484 - INFO - Supplier aggregation completed. Returning results.
2025-03-13 11:53:46,509 - INFO - Transaction processing completed.
2025-03-13 11:53:46,511 - INFO - ETL pipeline execution completed successfully.
2025-03-13 11:53:47,831 - INFO - Final processed data saved to Parquet: output/processed_data.parquet
2025-03-13 11:54:54,755 - INFO - Datasets loaded successfully. Retail data shape: (541909, 8), Supplier data shape: (25900, 2)
2025-03-13 11:54:54,756 - INFO - Starting ETL pipeline...
2025-03-13 11:54:54,756 - INFO - DataCleaner initialized with dataset of shape (541909, 8)
2025-03-13 11:54:55,122 - INFO - Removed duplicates: 5268 rows removed. New shape: (536641, 8)
2025-03-13 11:54:55,170 - INFO - Handled missing values: 135037 rows removed due to missing CustomerID. New shape: (401604, 8)
2025-03-13 11:54:55,329 - INFO - Filtered valid transactions: 8872 canceled transactions removed. New shape: (392732, 8)
2025-03-13 11:54:55,337 - INFO - Data cleaning completed. Cleaned data shape: (392732, 8)
2025-03-13 11:54:55,337 - INFO - TransactionProcessor initialized with transaction data of shape (392732, 8) and supplier data of shape (25900, 2)
2025-03-13 11:54:55,340 - INFO - TotalAmount column added successfully.
2025-03-13 11:54:55,361 - INFO - Transactions grouped by country successfully.
2025-03-13 11:54:55,438 - INFO - Monthly statistics calculated successfully.
2025-03-13 11:54:55,454 - INFO - Most profitable product in France: POSTAGE
2025-03-13 11:54:55,494 - INFO - Busiest transaction hour: 12 h
2025-03-13 11:54:55,964 - INFO - Supplier aggregation completed. Returning results.
2025-03-13 11:54:55,990 - INFO - Transaction processing completed.
2025-03-13 11:54:55,994 - INFO - ETL pipeline execution completed successfully.
2025-03-13 11:54:57,087 - INFO - Final processed data saved to Parquet: output/processed_data.parquet
2025-03-13 11:58:47,548 - INFO - Datasets loaded successfully. Retail data shape: (54191, 8), Supplier data shape: (25900, 2)
2025-03-13 11:58:47,548 - INFO - Starting ETL pipeline...
2025-03-13 11:58:47,548 - INFO - DataCleaner initialized with dataset of shape (54191, 8)
2025-03-13 11:58:47,666 - INFO - Removed duplicates: 62 rows removed. New shape: (54129, 8)
2025-03-13 11:58:47,674 - INFO - Handled missing values: 13640 rows removed due to missing CustomerID. New shape: (40489, 8)
2025-03-13 11:58:47,695 - INFO - Filtered valid transactions: 913 canceled transactions removed. New shape: (39576, 8)
2025-03-13 11:58:47,697 - INFO - Data cleaning completed. Cleaned data shape: (39576, 8)
2025-03-13 11:58:47,697 - INFO - TransactionProcessor initialized with transaction data of shape (39576, 8) and supplier data of shape (25900, 2)
2025-03-13 11:58:47,698 - INFO - TotalAmount column added successfully.
2025-03-13 11:58:47,702 - INFO - Transactions grouped by country successfully.
2025-03-13 11:58:47,726 - INFO - Monthly statistics calculated successfully.
2025-03-13 11:58:47,729 - INFO - Most profitable product in France: Manual
2025-03-13 11:58:47,737 - INFO - Busiest transaction hour: 12 h
2025-03-13 11:58:47,831 - INFO - Supplier aggregation completed. Returning results.
2025-03-13 11:58:47,838 - INFO - Transaction processing completed.
2025-03-13 11:58:47,839 - INFO - ETL pipeline execution completed successfully.
2025-03-13 11:58:48,046 - INFO - Final processed data saved to Parquet: output/processed_data.parquet
2025-03-13 12:01:15,422 - INFO - Datasets loaded successfully. Retail data shape: (100, 8), Supplier data shape: (25900, 2)
2025-03-13 12:01:15,423 - INFO - Starting ETL pipeline...
2025-03-13 12:01:15,423 - INFO - DataCleaner initialized with dataset of shape (100, 8)
2025-03-13 12:01:15,425 - INFO - Removed duplicates: 1 rows removed. New shape: (99, 8)
2025-03-13 12:01:15,426 - INFO - Handled missing values: 0 rows removed due to missing CustomerID. New shape: (99, 8)
2025-03-13 12:01:15,426 - INFO - Filtered valid transactions: 1 canceled transactions removed. New shape: (98, 8)
2025-03-13 12:01:15,426 - INFO - Data cleaning completed. Cleaned data shape: (98, 8)
2025-03-13 12:01:15,426 - INFO - TransactionProcessor initialized with transaction data of shape (98, 8) and supplier data of shape (25900, 2)
2025-03-13 12:01:15,427 - INFO - TotalAmount column added successfully.
2025-03-13 12:01:15,428 - INFO - Transactions grouped by country successfully.
2025-03-13 12:01:15,434 - INFO - Monthly statistics calculated successfully.
2025-03-13 12:01:15,435 - INFO - Most profitable product in France: RED TOADSTOOL LED NIGHT LIGHT
2025-03-13 12:01:15,437 - INFO - Busiest transaction hour: 11 h
2025-03-13 12:01:15,469 - INFO - Supplier aggregation completed. Returning results.
2025-03-13 12:01:15,469 - INFO - Transaction processing completed.
2025-03-13 12:01:15,469 - INFO - ETL pipeline execution completed successfully.
2025-03-13 12:01:15,601 - INFO - Final processed data saved to Parquet: output/processed_data.parquet
2025-03-13 12:02:16,736 - INFO - Datasets loaded successfully. Retail data shape: (54191, 8), Supplier data shape: (25900, 2)
2025-03-13 12:02:16,737 - INFO - Starting ETL pipeline...
2025-03-13 12:02:16,737 - INFO - DataCleaner initialized with dataset of shape (54191, 8)
2025-03-13 12:02:16,845 - INFO - Removed duplicates: 62 rows removed. New shape: (54129, 8)
2025-03-13 12:02:16,852 - INFO - Handled missing values: 13640 rows removed due to missing CustomerID. New shape: (40489, 8)
2025-03-13 12:02:16,872 - INFO - Filtered valid transactions: 913 canceled transactions removed. New shape: (39576, 8)
2025-03-13 12:02:16,874 - INFO - Data cleaning completed. Cleaned data shape: (39576, 8)
2025-03-13 12:02:16,874 - INFO - TransactionProcessor initialized with transaction data of shape (39576, 8) and supplier data of shape (25900, 2)
2025-03-13 12:02:16,875 - INFO - TotalAmount column added successfully.
2025-03-13 12:02:16,878 - INFO - Transactions grouped by country successfully.
2025-03-13 12:02:16,896 - INFO - Monthly statistics calculated successfully.
2025-03-13 12:02:16,898 - INFO - Most profitable product in France: Manual
2025-03-13 12:02:16,905 - INFO - Busiest transaction hour: 12 h
2025-03-13 12:02:17,052 - INFO - Supplier aggregation completed. Returning results.
2025-03-13 12:02:17,059 - INFO - Transaction processing completed.
2025-03-13 12:02:17,062 - INFO - ETL pipeline execution completed successfully.
2025-03-13 12:02:17,282 - INFO - Final processed data saved to Parquet: output/processed_data.parquet
2025-03-13 12:12:25,214 - ERROR - Error loading datasets: [Errno 2] No such file or directory: 'data/continent_mapping.csv'
2025-03-13 12:13:53,231 - INFO - Datasets loaded successfully. Retail data shape: (541909, 8), Supplier data shape: (25900, 2)
2025-03-13 12:13:53,231 - INFO - Starting ETL pipeline...
2025-03-13 12:13:53,231 - INFO - DataCleaner initialized with dataset of shape (541909, 8)
2025-03-13 12:13:53,556 - INFO - Removed duplicates: 5268 rows removed. New shape: (536641, 8)
2025-03-13 12:13:53,603 - INFO - Handled missing values: 135037 rows removed due to missing CustomerID. New shape: (401604, 8)
2025-03-13 12:13:53,758 - INFO - Filtered valid transactions: 8872 canceled transactions removed. New shape: (392732, 8)
2025-03-13 12:13:53,767 - INFO - Data cleaning completed. Cleaned data shape: (392732, 8)
2025-03-13 12:13:53,767 - ERROR - ETL pipeline execution failed: __init__() missing 1 required positional argument: 'continent_mapping'
2025-03-13 14:51:02,500 - INFO - Datasets loaded successfully. Retail data shape: (541909, 8), Supplier data shape: (25900, 2)
2025-03-13 14:51:02,500 - INFO - Starting ETL pipeline...
2025-03-13 14:51:02,501 - INFO - DataCleaner initialized with dataset of shape (541909, 8)
2025-03-13 14:51:02,887 - INFO - Removed duplicates: 5268 rows removed. New shape: (536641, 8)
2025-03-13 14:51:02,936 - INFO - Handled missing values: 135037 rows removed due to missing CustomerID. New shape: (401604, 8)
2025-03-13 14:51:03,091 - INFO - Filtered valid transactions: 8872 canceled transactions removed. New shape: (392732, 8)
2025-03-13 14:51:03,099 - INFO - Data cleaning completed. Cleaned data shape: (392732, 8)
2025-03-13 14:51:03,099 - INFO - TransactionProcessor initialized with transaction data of shape (392732, 8) and supplier data of shape (25900, 2)
2025-03-13 14:51:03,102 - INFO - TotalAmount column added successfully.
2025-03-13 14:51:03,132 - INFO - Transactions grouped by country successfully.
2025-03-13 14:51:03,225 - INFO - Monthly statistics calculated successfully.
2025-03-13 14:51:03,241 - INFO - Most profitable product in France: POSTAGE
2025-03-13 14:51:03,283 - INFO - Busiest transaction hour: 12 h
2025-03-13 14:51:04,032 - INFO - Supplier aggregation completed. Returning results.
2025-03-13 14:51:04,155 - INFO - Continents ranked based on total spending.
2025-03-13 14:51:04,281 - ERROR - ETL pipeline execution failed: attempt to get argmax of an empty sequence
2025-03-13 15:16:58,155 - INFO - Datasets loaded successfully. Retail data shape: (536641, 8), Supplier data shape: (25900, 2)
2025-03-13 15:16:58,156 - INFO - Starting ETL pipeline...
2025-03-13 15:16:58,327 - INFO - TransactionProcessor initialized with transaction data of shape (9251, 8) and supplier data of shape (25900, 2)
2025-03-13 15:16:58,330 - ERROR - ETL pipeline execution failed: 'Column not found: TotalAmount'
2025-03-13 15:20:13,243 - INFO - Datasets loaded successfully. Retail data shape: (536641, 8), Supplier data shape: (25900, 2)
2025-03-13 15:20:13,243 - INFO - Starting ETL pipeline...
2025-03-13 15:20:13,419 - INFO - TransactionProcessor initialized with transaction data of shape (9251, 8) and supplier data of shape (25900, 2)
2025-03-13 15:20:13,421 - INFO - TotalAmount column added successfully.
2025-03-13 15:20:13,430 - INFO - Continents ranked based on total spending.
2025-03-13 15:20:13,445 - INFO - Continent with the highest number of cancellations: Europe
2025-03-13 15:20:13,445 - INFO - DataCleaner initialized with dataset of shape (536641, 8)
2025-03-13 15:20:13,696 - INFO - Removed duplicates: 0 rows removed. New shape: (536641, 8)
2025-03-13 15:20:13,755 - INFO - Handled missing values: 135037 rows removed due to missing CustomerID. New shape: (401604, 8)
2025-03-13 15:20:13,915 - INFO - Filtered valid transactions: 8872 canceled transactions removed. New shape: (392732, 8)
2025-03-13 15:20:13,921 - INFO - Data cleaning completed. Cleaned data shape: (392732, 8)
2025-03-13 15:20:13,921 - INFO - TransactionProcessor initialized with transaction data of shape (392732, 8) and supplier data of shape (25900, 2)
2025-03-13 15:20:13,924 - INFO - TotalAmount column added successfully.
2025-03-13 15:20:13,945 - INFO - Transactions grouped by country successfully.
2025-03-13 15:20:14,043 - INFO - Monthly statistics calculated successfully.
2025-03-13 15:20:14,059 - INFO - Most profitable product in France: POSTAGE
2025-03-13 15:20:14,103 - INFO - Busiest transaction hour: 12 h
2025-03-13 15:20:14,841 - INFO - Supplier aggregation completed. Returning results.
2025-03-13 15:20:14,960 - INFO - Continents ranked based on total spending.
2025-03-13 15:20:15,095 - ERROR - ETL pipeline execution failed: attempt to get argmax of an empty sequence
2025-03-13 15:32:01,534 - INFO - Datasets loaded successfully. Retail data shape: (536641, 8), Supplier data shape: (25900, 2)
2025-03-13 15:32:01,534 - INFO - Starting ETL pipeline...
2025-03-13 15:32:01,726 - ERROR - ETL pipeline execution failed: __init__() missing 1 required positional argument: 'continent_mapping'
2025-03-13 15:32:57,456 - INFO - Datasets loaded successfully. Retail data shape: (536641, 8), Supplier data shape: (25900, 2)
2025-03-13 15:32:57,457 - INFO - Starting ETL pipeline...
2025-03-13 15:32:57,685 - INFO - DataCleaner initialized with dataset of shape (536641, 8)
2025-03-13 15:32:58,035 - INFO - Removed duplicates: 0 rows removed. New shape: (536641, 8)
2025-03-13 15:32:58,113 - INFO - Handled missing values: 135037 rows removed due to missing CustomerID. New shape: (401604, 8)
2025-03-13 15:32:58,572 - INFO - Filtered valid transactions: 8872 canceled transactions separated. New shape: (392732, 8)
2025-03-13 15:32:58,583 - INFO - Data cleaning completed. Cleaned data shape: (392732, 8)
2025-03-13 15:32:58,583 - INFO - TransactionProcessor initialized with data shape (392732, 8), and canceled transactions shape (8872, 8)
2025-03-13 15:32:58,588 - INFO - TotalAmount column added successfully.
2025-03-13 15:32:58,741 - INFO - Continents ranked based on total spending.
2025-03-13 15:32:58,743 - INFO - Continent with the highest number of cancellations: Europe
2025-03-13 15:32:58,747 - INFO - TotalAmount column added successfully.
2025-03-13 15:32:58,774 - INFO - Transactions grouped by country successfully.
2025-03-13 15:32:58,862 - INFO - Monthly statistics calculated successfully.
2025-03-13 15:32:58,890 - INFO - Most profitable product in France: POSTAGE
2025-03-13 15:32:58,946 - INFO - Busiest transaction hour: 12 h
2025-03-13 15:33:00,148 - INFO - Supplier aggregation completed. Returning results.
2025-03-13 15:33:00,357 - ERROR - ETL pipeline execution failed: 'Continent'
2025-03-13 15:34:13,274 - INFO - Datasets loaded successfully. Retail data shape: (305, 8), Supplier data shape: (25900, 2)
2025-03-13 15:34:13,274 - INFO - Starting ETL pipeline...
2025-03-13 15:34:13,275 - INFO - DataCleaner initialized with dataset of shape (305, 8)
2025-03-13 15:34:13,277 - INFO - Removed duplicates: 0 rows removed. New shape: (305, 8)
2025-03-13 15:34:13,279 - INFO - Handled missing values: 0 rows removed due to missing CustomerID. New shape: (305, 8)
2025-03-13 15:34:13,280 - INFO - Filtered valid transactions: 9 canceled transactions separated. New shape: (296, 8)
2025-03-13 15:34:13,280 - INFO - Data cleaning completed. Cleaned data shape: (296, 8)
2025-03-13 15:34:13,280 - INFO - TransactionProcessor initialized with data shape (296, 8), and canceled transactions shape (9, 8)
2025-03-13 15:34:13,281 - INFO - TotalAmount column added successfully.
2025-03-13 15:34:13,284 - INFO - Continents ranked based on total spending.
2025-03-13 15:34:13,285 - INFO - Continent with the highest number of cancellations: Europe
2025-03-13 15:34:13,285 - INFO - TotalAmount column added successfully.
2025-03-13 15:34:13,286 - INFO - Transactions grouped by country successfully.
2025-03-13 15:34:13,293 - INFO - Monthly statistics calculated successfully.
2025-03-13 15:34:13,294 - INFO - Most profitable product in France: ALARM CLOCK BAKELIKE PINK
2025-03-13 15:34:13,295 - INFO - Busiest transaction hour: 9 h
2025-03-13 15:34:13,317 - INFO - Supplier aggregation completed. Returning results.
2025-03-13 15:34:13,321 - ERROR - ETL pipeline execution failed: 'Continent'
2025-03-13 15:40:08,790 - INFO - Datasets loaded successfully. Retail data shape: (305, 8), Supplier data shape: (25900, 2)
2025-03-13 15:40:08,790 - INFO - Starting ETL pipeline...
2025-03-13 15:40:08,790 - INFO - DataCleaner initialized with dataset of shape (305, 8)
2025-03-13 15:40:08,791 - INFO - Removed duplicates: 0 rows removed. New shape: (305, 8)
2025-03-13 15:40:08,793 - INFO - Handled missing values: 0 rows removed. New shape: (305, 8)
2025-03-13 15:40:08,794 - INFO - Separated canceled transactions. Valid transactions: (296, 8), Canceled transactions: (9, 8)
2025-03-13 15:40:08,794 - INFO - Data cleaning completed. Cleaned data shape: (296, 8), Canceled transactions shape: (9, 8)
2025-03-13 15:40:08,794 - INFO - TransactionProcessor initialized with data shape (296, 8), and canceled transactions shape (9, 8)
2025-03-13 15:40:08,795 - INFO - TotalAmount column added successfully.
2025-03-13 15:40:08,796 - INFO - Transactions grouped by country successfully.
2025-03-13 15:40:08,802 - INFO - Monthly statistics calculated successfully.
2025-03-13 15:40:08,803 - INFO - Most profitable product in France: ALARM CLOCK BAKELIKE PINK
2025-03-13 15:40:08,804 - INFO - Busiest transaction hour: 9 h
2025-03-13 15:40:08,823 - INFO - Supplier aggregation completed. Returning results.
2025-03-13 15:40:08,827 - INFO - Continents ranked based on total spending.
2025-03-13 15:40:08,828 - INFO - Continent with the highest number of cancellations: Europe
2025-03-13 15:40:08,828 - INFO - Transaction processing completed.
2025-03-13 15:40:08,829 - INFO - ETL pipeline execution completed successfully.
2025-03-13 15:40:09,238 - INFO - Final processed data saved to Parquet: output/processed_data.parquet
2025-03-13 15:40:25,969 - INFO - Datasets loaded successfully. Retail data shape: (305, 8), Supplier data shape: (25900, 2)
2025-03-13 15:40:25,969 - INFO - Starting ETL pipeline...
2025-03-13 15:40:25,969 - INFO - DataCleaner initialized with dataset of shape (305, 8)
2025-03-13 15:40:25,971 - INFO - Removed duplicates: 0 rows removed. New shape: (305, 8)
2025-03-13 15:40:25,972 - INFO - Handled missing values: 0 rows removed. New shape: (305, 8)
2025-03-13 15:40:25,973 - INFO - Separated canceled transactions. Valid transactions: (296, 8), Canceled transactions: (9, 8)
2025-03-13 15:40:25,973 - INFO - Data cleaning completed. Cleaned data shape: (296, 8), Canceled transactions shape: (9, 8)
2025-03-13 15:40:25,973 - INFO - TransactionProcessor initialized with data shape (296, 8), and canceled transactions shape (9, 8)
2025-03-13 15:40:25,974 - INFO - TotalAmount column added successfully.
2025-03-13 15:40:25,976 - INFO - Transactions grouped by country successfully.
2025-03-13 15:40:25,982 - INFO - Monthly statistics calculated successfully.
2025-03-13 15:40:25,983 - INFO - Most profitable product in France: ALARM CLOCK BAKELIKE PINK
2025-03-13 15:40:25,984 - INFO - Busiest transaction hour: 9 h
2025-03-13 15:40:26,005 - INFO - Supplier aggregation completed. Returning results.
2025-03-13 15:40:26,008 - INFO - Continents ranked based on total spending.
2025-03-13 15:40:26,009 - INFO - Continent with the highest number of cancellations: Europe
2025-03-13 15:40:26,009 - INFO - Transaction processing completed.
2025-03-13 15:40:26,009 - INFO - ETL pipeline execution completed successfully.
2025-03-13 15:40:26,170 - INFO - Final processed data saved to Parquet: output/processed_data.parquet
2025-03-13 15:42:10,936 - INFO - Datasets loaded successfully. Retail data shape: (536641, 8), Supplier data shape: (25900, 2)
2025-03-13 15:42:10,936 - INFO - Starting ETL pipeline...
2025-03-13 15:42:10,937 - INFO - DataCleaner initialized with dataset of shape (536641, 8)
2025-03-13 15:42:11,219 - INFO - Removed duplicates: 0 rows removed. New shape: (536641, 8)
2025-03-13 15:42:11,266 - INFO - Handled missing values: 135037 rows removed. New shape: (401604, 8)
2025-03-13 15:42:11,561 - INFO - Separated canceled transactions. Valid transactions: (392732, 8), Canceled transactions: (8872, 8)
2025-03-13 15:42:11,568 - INFO - Data cleaning completed. Cleaned data shape: (392732, 8), Canceled transactions shape: (8872, 8)
2025-03-13 15:42:11,569 - INFO - TransactionProcessor initialized with data shape (392732, 8), and canceled transactions shape (8872, 8)
2025-03-13 15:42:11,572 - INFO - TotalAmount column added successfully.
2025-03-13 15:42:11,594 - INFO - Transactions grouped by country successfully.
2025-03-13 15:42:11,677 - INFO - Monthly statistics calculated successfully.
2025-03-13 15:42:11,693 - INFO - Most profitable product in France: POSTAGE
2025-03-13 15:42:11,734 - INFO - Busiest transaction hour: 12 h
2025-03-13 15:42:12,397 - INFO - Supplier aggregation completed. Returning results.
2025-03-13 15:42:12,520 - INFO - Continents ranked based on total spending.
2025-03-13 15:42:12,522 - INFO - Continent with the highest number of cancellations: Europe
2025-03-13 15:42:12,522 - INFO - Transaction processing completed.
2025-03-13 15:42:12,524 - INFO - ETL pipeline execution completed successfully.
2025-03-13 15:42:13,635 - INFO - Final processed data saved to Parquet: output/processed_data.parquet
